
=== Fri Sep 20 13:07:55 2019

Packages were changed.
Update Mode: mergeDefaultDependencies

The following packages were updated:
  com.unity.ide.rider from version 1.0.4 to 1.1.0
  com.unity.ide.vscode from version 1.0.4 to 1.1.0

=== Fri Jan 31 20:07:43 2020

Packages were changed.
Update Mode: updateDependencies

The following packages were updated:
  com.unity.analytics from version 3.3.2 to 3.3.5
  com.unity.ide.rider from version 1.1.0 to 1.1.4
  com.unity.ide.vscode from version 1.1.2 to 1.1.4
  com.unity.postprocessing from version 2.1.7 to 2.3.0
  com.unity.probuilder from version 4.0.5 to 4.2.3
  com.unity.render-pipelines.lightweight from version 6.9.2 to 7.1.8
  com.unity.test-framework from version 1.0.18 to 1.1.9
  com.unity.timeline from version 1.1.0 to 1.2.10
  com.unity.visualeffectgraph from version 6.9.2-preview to 7.1.8
The following packages were removed:
  com.unity.package-manager-ui@2.2.0

=== Sat Feb 29 22:51:22 2020

Packages were changed.
Update Mode: updateDependencies

The following packages were updated:
  com.unity.burst from version 1.1.2 to 1.2.3
  com.unity.test-framework from version 1.1.9 to 1.1.11
  com.unity.timeline from version 1.2.11 to 1.2.12

=== Tue Apr 21 19:41:22 2020

Packages were changed.
Update Mode: updateDependencies

The following packages were updated:
  com.unity.ads from version 2.0.8 to 3.4.4
  com.unity.render-pipelines.high-definition from version 7.1.8 to 7.3.1
  com.unity.test-framework from version 1.1.11 to 1.1.13
  com.unity.visualeffectgraph from version 7.1.8 to 7.3.1
